Started on Dec 2, 2022, 1:58:19 PM
Started by event from 140.82.115.248 ⇒ http://35.180.98.242:8080/github-webhook/ on Fri Dec 02 13:58:19 UTC 2022
Using strategy: Default
[poll] Last Built Revision: Revision f456e0a79dcf965ac58da3320fa206e40a782705 (refs/remotes/origin/master)
Selected Git installation does not exist. Using Default
The recommended git tool is: NONE
No credentials specified
 > git --version # timeout=10
 > git --version # 'git version 2.34.1'
 > git ls-remote -h -- https://github.com/ravindramv/hello-world-war.git # timeout=10
Found 1 remote heads on https://github.com/ravindramv/hello-world-war.git
[poll] Latest remote head revision on refs/heads/master is: 9e99e665f4aa10456f161c67237f91ed38b6b8cb
Using strategy: Default
[poll] Last Built Revision: Revision f456e0a79dcf965ac58da3320fa206e40a782705 (refs/remotes/origin/master)
Selected Git installation does not exist. Using Default
The recommended git tool is: NONE
No credentials specified
 > git --version # timeout=10
 > git --version # 'git version 2.34.1'
 > git ls-remote -h -- https://github.com/ravindramv/hello-world-war.git # timeout=10
Found 1 remote heads on https://github.com/ravindramv/hello-world-war.git
[poll] Latest remote head revision on refs/heads/master is: 9e99e665f4aa10456f161c67237f91ed38b6b8cb
Done. Took 0.86 sec
Changes found
