Started on Dec 2, 2022, 2:00:18 PM
Started by event from 140.82.115.153 ⇒ http://35.180.98.242:8080/github-webhook/ on Fri Dec 02 14:00:18 UTC 2022
Using strategy: Default
[poll] Last Built Revision: Revision 9e99e665f4aa10456f161c67237f91ed38b6b8cb (refs/remotes/origin/master)
Selected Git installation does not exist. Using Default
The recommended git tool is: NONE
No credentials specified
 > git --version # timeout=10
 > git --version # 'git version 2.34.1'
 > git ls-remote -h -- https://github.com/ravindramv/hello-world-war.git # timeout=10
Found 1 remote heads on https://github.com/ravindramv/hello-world-war.git
[poll] Latest remote head revision on refs/heads/master is: e2caebb3dd1515a0da04564118b0b0f45718ebfd
Using strategy: Default
[poll] Last Built Revision: Revision 9e99e665f4aa10456f161c67237f91ed38b6b8cb (refs/remotes/origin/master)
Selected Git installation does not exist. Using Default
The recommended git tool is: NONE
No credentials specified
 > git --version # timeout=10
 > git --version # 'git version 2.34.1'
 > git ls-remote -h -- https://github.com/ravindramv/hello-world-war.git # timeout=10
Found 1 remote heads on https://github.com/ravindramv/hello-world-war.git
[poll] Latest remote head revision on refs/heads/master is: e2caebb3dd1515a0da04564118b0b0f45718ebfd
Done. Took 0.73 sec
Changes found
